[2024-04-04T00:05:35.159+0000] {processor.py:161} INFO - Started process (PID=99198) to work on /home/datatalks_jan/Data_Eden/3_airflow_demo/airflow/dags/dag_spark_multi_source_ETL_new.py
[2024-04-04T00:05:35.161+0000] {processor.py:830} INFO - Processing file /home/datatalks_jan/Data_Eden/3_airflow_demo/airflow/dags/dag_spark_multi_source_ETL_new.py for tasks to queue
[2024-04-04T00:05:35.163+0000] {logging_mixin.py:188} INFO - [2024-04-04T00:05:35.162+0000] {dagbag.py:540} INFO - Filling up the DagBag from /home/datatalks_jan/Data_Eden/3_airflow_demo/airflow/dags/dag_spark_multi_source_ETL_new.py
[2024-04-04T00:05:35.486+0000] {logging_mixin.py:188} INFO - [2024-04-04T00:05:35.478+0000] {dagbag.py:350} ERROR - Failed to import: /home/datatalks_jan/Data_Eden/3_airflow_demo/airflow/dags/dag_spark_multi_source_ETL_new.py
Traceback (most recent call last):
  File "/home/datatalks_jan/anaconda3/lib/python3.11/site-packages/airflow/utils/deprecation_tools.py", line 56, in getattr_with_deprecation
    return getattr(importlib.import_module(new_module), new_class_name)
                   ^^^^^^^^^^^^^^^^^^^^^^^^^^^^^^^^^^^
  File "/home/datatalks_jan/anaconda3/lib/python3.11/importlib/__init__.py", line 126, in import_module
    return _bootstrap._gcd_import(name[level:], package, level)
           ^^^^^^^^^^^^^^^^^^^^^^^^^^^^^^^^^^^^^^^^^^^^^^^^^^^^
  File "<frozen importlib._bootstrap>", line 1204, in _gcd_import
  File "<frozen importlib._bootstrap>", line 1176, in _find_and_load
  File "<frozen importlib._bootstrap>", line 1126, in _find_and_load_unlocked
  File "<frozen importlib._bootstrap>", line 241, in _call_with_frames_removed
  File "<frozen importlib._bootstrap>", line 1204, in _gcd_import
  File "<frozen importlib._bootstrap>", line 1176, in _find_and_load
  File "<frozen importlib._bootstrap>", line 1126, in _find_and_load_unlocked
  File "<frozen importlib._bootstrap>", line 241, in _call_with_frames_removed
  File "<frozen importlib._bootstrap>", line 1204, in _gcd_import
  File "<frozen importlib._bootstrap>", line 1176, in _find_and_load
  File "<frozen importlib._bootstrap>", line 1140, in _find_and_load_unlocked
ModuleNotFoundError: No module named 'airflow.providers.docker'

The above exception was the direct cause of the following exception:

Traceback (most recent call last):
  File "/home/datatalks_jan/anaconda3/lib/python3.11/site-packages/airflow/models/dagbag.py", line 346, in parse
    loader.exec_module(new_module)
  File "<frozen importlib._bootstrap_external>", line 940, in exec_module
  File "<frozen importlib._bootstrap>", line 241, in _call_with_frames_removed
  File "/home/datatalks_jan/Data_Eden/3_airflow_demo/airflow/dags/dag_spark_multi_source_ETL_new.py", line 4, in <module>
    from airflow.operators.docker_operator import DockerOperator
  File "/home/datatalks_jan/anaconda3/lib/python3.11/site-packages/airflow/utils/deprecation_tools.py", line 63, in getattr_with_deprecation
    raise ImportError(error_message) from e
ImportError: Could not import `airflow.providers.docker.operators.docker.DockerOperator` while trying to import `airflow.operators.docker_operator.DockerOperator`.
[2024-04-04T00:05:35.487+0000] {processor.py:842} WARNING - No viable dags retrieved from /home/datatalks_jan/Data_Eden/3_airflow_demo/airflow/dags/dag_spark_multi_source_ETL_new.py
[2024-04-04T00:05:35.524+0000] {processor.py:183} INFO - Processing /home/datatalks_jan/Data_Eden/3_airflow_demo/airflow/dags/dag_spark_multi_source_ETL_new.py took 0.373 seconds
[2024-04-04T00:06:41.613+0000] {processor.py:161} INFO - Started process (PID=99577) to work on /home/datatalks_jan/Data_Eden/3_airflow_demo/airflow/dags/dag_spark_multi_source_ETL_new.py
[2024-04-04T00:06:41.615+0000] {processor.py:830} INFO - Processing file /home/datatalks_jan/Data_Eden/3_airflow_demo/airflow/dags/dag_spark_multi_source_ETL_new.py for tasks to queue
[2024-04-04T00:06:41.617+0000] {logging_mixin.py:188} INFO - [2024-04-04T00:06:41.616+0000] {dagbag.py:540} INFO - Filling up the DagBag from /home/datatalks_jan/Data_Eden/3_airflow_demo/airflow/dags/dag_spark_multi_source_ETL_new.py
[2024-04-04T00:06:41.803+0000] {logging_mixin.py:188} INFO - [2024-04-04T00:06:41.799+0000] {dagbag.py:350} ERROR - Failed to import: /home/datatalks_jan/Data_Eden/3_airflow_demo/airflow/dags/dag_spark_multi_source_ETL_new.py
Traceback (most recent call last):
  File "/home/datatalks_jan/anaconda3/lib/python3.11/site-packages/airflow/utils/deprecation_tools.py", line 56, in getattr_with_deprecation
    return getattr(importlib.import_module(new_module), new_class_name)
                   ^^^^^^^^^^^^^^^^^^^^^^^^^^^^^^^^^^^
  File "/home/datatalks_jan/anaconda3/lib/python3.11/importlib/__init__.py", line 126, in import_module
    return _bootstrap._gcd_import(name[level:], package, level)
           ^^^^^^^^^^^^^^^^^^^^^^^^^^^^^^^^^^^^^^^^^^^^^^^^^^^^
  File "<frozen importlib._bootstrap>", line 1204, in _gcd_import
  File "<frozen importlib._bootstrap>", line 1176, in _find_and_load
  File "<frozen importlib._bootstrap>", line 1126, in _find_and_load_unlocked
  File "<frozen importlib._bootstrap>", line 241, in _call_with_frames_removed
  File "<frozen importlib._bootstrap>", line 1204, in _gcd_import
  File "<frozen importlib._bootstrap>", line 1176, in _find_and_load
  File "<frozen importlib._bootstrap>", line 1126, in _find_and_load_unlocked
  File "<frozen importlib._bootstrap>", line 241, in _call_with_frames_removed
  File "<frozen importlib._bootstrap>", line 1204, in _gcd_import
  File "<frozen importlib._bootstrap>", line 1176, in _find_and_load
  File "<frozen importlib._bootstrap>", line 1140, in _find_and_load_unlocked
ModuleNotFoundError: No module named 'airflow.providers.docker'

The above exception was the direct cause of the following exception:

Traceback (most recent call last):
  File "/home/datatalks_jan/anaconda3/lib/python3.11/site-packages/airflow/models/dagbag.py", line 346, in parse
    loader.exec_module(new_module)
  File "<frozen importlib._bootstrap_external>", line 940, in exec_module
  File "<frozen importlib._bootstrap>", line 241, in _call_with_frames_removed
  File "/home/datatalks_jan/Data_Eden/3_airflow_demo/airflow/dags/dag_spark_multi_source_ETL_new.py", line 4, in <module>
    from airflow.operators.docker_operator import DockerOperator
  File "/home/datatalks_jan/anaconda3/lib/python3.11/site-packages/airflow/utils/deprecation_tools.py", line 63, in getattr_with_deprecation
    raise ImportError(error_message) from e
ImportError: Could not import `airflow.providers.docker.operators.docker.DockerOperator` while trying to import `airflow.operators.docker_operator.DockerOperator`.
[2024-04-04T00:06:41.804+0000] {processor.py:842} WARNING - No viable dags retrieved from /home/datatalks_jan/Data_Eden/3_airflow_demo/airflow/dags/dag_spark_multi_source_ETL_new.py
[2024-04-04T00:06:42.028+0000] {processor.py:183} INFO - Processing /home/datatalks_jan/Data_Eden/3_airflow_demo/airflow/dags/dag_spark_multi_source_ETL_new.py took 0.420 seconds
[2024-04-04T00:07:14.377+0000] {processor.py:161} INFO - Started process (PID=99835) to work on /home/datatalks_jan/Data_Eden/3_airflow_demo/airflow/dags/dag_spark_multi_source_ETL_new.py
[2024-04-04T00:07:14.379+0000] {processor.py:830} INFO - Processing file /home/datatalks_jan/Data_Eden/3_airflow_demo/airflow/dags/dag_spark_multi_source_ETL_new.py for tasks to queue
[2024-04-04T00:07:14.380+0000] {logging_mixin.py:188} INFO - [2024-04-04T00:07:14.379+0000] {dagbag.py:540} INFO - Filling up the DagBag from /home/datatalks_jan/Data_Eden/3_airflow_demo/airflow/dags/dag_spark_multi_source_ETL_new.py
[2024-04-04T00:07:14.885+0000] {logging_mixin.py:188} INFO - [2024-04-04T00:07:14.884+0000] {dagbag.py:350} ERROR - Failed to import: /home/datatalks_jan/Data_Eden/3_airflow_demo/airflow/dags/dag_spark_multi_source_ETL_new.py
Traceback (most recent call last):
  File "/home/datatalks_jan/anaconda3/lib/python3.11/site-packages/airflow/models/dagbag.py", line 346, in parse
    loader.exec_module(new_module)
  File "<frozen importlib._bootstrap_external>", line 940, in exec_module
  File "<frozen importlib._bootstrap>", line 241, in _call_with_frames_removed
  File "/home/datatalks_jan/Data_Eden/3_airflow_demo/airflow/dags/dag_spark_multi_source_ETL_new.py", line 32, in <module>
    'retry_delay': timedelta(minutes=5),
                   ^^^^^^^^^
NameError: name 'timedelta' is not defined
[2024-04-04T00:07:14.886+0000] {processor.py:842} WARNING - No viable dags retrieved from /home/datatalks_jan/Data_Eden/3_airflow_demo/airflow/dags/dag_spark_multi_source_ETL_new.py
[2024-04-04T00:07:14.911+0000] {processor.py:183} INFO - Processing /home/datatalks_jan/Data_Eden/3_airflow_demo/airflow/dags/dag_spark_multi_source_ETL_new.py took 0.539 seconds
[2024-04-04T00:07:48.264+0000] {processor.py:161} INFO - Started process (PID=99967) to work on /home/datatalks_jan/Data_Eden/3_airflow_demo/airflow/dags/dag_spark_multi_source_ETL_new.py
[2024-04-04T00:07:48.266+0000] {processor.py:830} INFO - Processing file /home/datatalks_jan/Data_Eden/3_airflow_demo/airflow/dags/dag_spark_multi_source_ETL_new.py for tasks to queue
[2024-04-04T00:07:48.268+0000] {logging_mixin.py:188} INFO - [2024-04-04T00:07:48.267+0000] {dagbag.py:540} INFO - Filling up the DagBag from /home/datatalks_jan/Data_Eden/3_airflow_demo/airflow/dags/dag_spark_multi_source_ETL_new.py
[2024-04-04T00:07:48.761+0000] {logging_mixin.py:188} INFO - [2024-04-04T00:07:48.759+0000] {dagbag.py:350} ERROR - Failed to import: /home/datatalks_jan/Data_Eden/3_airflow_demo/airflow/dags/dag_spark_multi_source_ETL_new.py
Traceback (most recent call last):
  File "/home/datatalks_jan/anaconda3/lib/python3.11/site-packages/airflow/models/dagbag.py", line 346, in parse
    loader.exec_module(new_module)
  File "<frozen importlib._bootstrap_external>", line 940, in exec_module
  File "<frozen importlib._bootstrap>", line 241, in _call_with_frames_removed
  File "/home/datatalks_jan/Data_Eden/3_airflow_demo/airflow/dags/dag_spark_multi_source_ETL_new.py", line 34, in <module>
    'retry_delay': timedelta(minutes=5),
                   ^^^^^^^^^
NameError: name 'timedelta' is not defined
[2024-04-04T00:07:48.762+0000] {processor.py:842} WARNING - No viable dags retrieved from /home/datatalks_jan/Data_Eden/3_airflow_demo/airflow/dags/dag_spark_multi_source_ETL_new.py
[2024-04-04T00:07:48.781+0000] {processor.py:183} INFO - Processing /home/datatalks_jan/Data_Eden/3_airflow_demo/airflow/dags/dag_spark_multi_source_ETL_new.py took 0.524 seconds
[2024-04-04T00:08:22.859+0000] {processor.py:161} INFO - Started process (PID=100251) to work on /home/datatalks_jan/Data_Eden/3_airflow_demo/airflow/dags/dag_spark_multi_source_ETL_new.py
[2024-04-04T00:08:22.862+0000] {processor.py:830} INFO - Processing file /home/datatalks_jan/Data_Eden/3_airflow_demo/airflow/dags/dag_spark_multi_source_ETL_new.py for tasks to queue
[2024-04-04T00:08:22.863+0000] {logging_mixin.py:188} INFO - [2024-04-04T00:08:22.863+0000] {dagbag.py:540} INFO - Filling up the DagBag from /home/datatalks_jan/Data_Eden/3_airflow_demo/airflow/dags/dag_spark_multi_source_ETL_new.py
[2024-04-04T00:08:23.367+0000] {processor.py:840} INFO - DAG(s) 'conrad_coding' retrieved from /home/datatalks_jan/Data_Eden/3_airflow_demo/airflow/dags/dag_spark_multi_source_ETL_new.py
[2024-04-04T00:08:23.476+0000] {logging_mixin.py:188} INFO - [2024-04-04T00:08:23.475+0000] {override.py:1769} INFO - Created Permission View: can read on DAG:conrad_coding
[2024-04-04T00:08:23.494+0000] {logging_mixin.py:188} INFO - [2024-04-04T00:08:23.493+0000] {override.py:1769} INFO - Created Permission View: can edit on DAG:conrad_coding
[2024-04-04T00:08:23.505+0000] {logging_mixin.py:188} INFO - [2024-04-04T00:08:23.504+0000] {override.py:1769} INFO - Created Permission View: can delete on DAG:conrad_coding
[2024-04-04T00:08:23.506+0000] {logging_mixin.py:188} INFO - [2024-04-04T00:08:23.505+0000] {dag.py:3047} INFO - Sync 1 DAGs
[2024-04-04T00:08:23.517+0000] {logging_mixin.py:188} INFO - [2024-04-04T00:08:23.516+0000] {dag.py:3069} INFO - Creating ORM DAG for conrad_coding
[2024-04-04T00:08:23.527+0000] {logging_mixin.py:188} INFO - [2024-04-04T00:08:23.526+0000] {dag.py:3834} INFO - Setting next_dagrun for conrad_coding to 2024-04-07 00:00:00+00:00, run_after=2024-04-14 00:00:00+00:00
[2024-04-04T00:08:23.552+0000] {processor.py:183} INFO - Processing /home/datatalks_jan/Data_Eden/3_airflow_demo/airflow/dags/dag_spark_multi_source_ETL_new.py took 0.699 seconds
[2024-04-04T00:08:56.323+0000] {processor.py:161} INFO - Started process (PID=100372) to work on /home/datatalks_jan/Data_Eden/3_airflow_demo/airflow/dags/dag_spark_multi_source_ETL_new.py
[2024-04-04T00:08:56.324+0000] {processor.py:830} INFO - Processing file /home/datatalks_jan/Data_Eden/3_airflow_demo/airflow/dags/dag_spark_multi_source_ETL_new.py for tasks to queue
[2024-04-04T00:08:56.325+0000] {logging_mixin.py:188} INFO - [2024-04-04T00:08:56.325+0000] {dagbag.py:540} INFO - Filling up the DagBag from /home/datatalks_jan/Data_Eden/3_airflow_demo/airflow/dags/dag_spark_multi_source_ETL_new.py
[2024-04-04T00:08:56.740+0000] {processor.py:840} INFO - DAG(s) 'conrad_coding' retrieved from /home/datatalks_jan/Data_Eden/3_airflow_demo/airflow/dags/dag_spark_multi_source_ETL_new.py
[2024-04-04T00:08:56.754+0000] {logging_mixin.py:188} INFO - [2024-04-04T00:08:56.753+0000] {dag.py:3047} INFO - Sync 1 DAGs
[2024-04-04T00:08:56.772+0000] {logging_mixin.py:188} INFO - [2024-04-04T00:08:56.772+0000] {dag.py:3834} INFO - Setting next_dagrun for conrad_coding to 2024-04-07 00:00:00+00:00, run_after=2024-04-14 00:00:00+00:00
[2024-04-04T00:08:56.795+0000] {processor.py:183} INFO - Processing /home/datatalks_jan/Data_Eden/3_airflow_demo/airflow/dags/dag_spark_multi_source_ETL_new.py took 0.477 seconds
[2024-04-04T00:09:32.158+0000] {processor.py:161} INFO - Started process (PID=100621) to work on /home/datatalks_jan/Data_Eden/3_airflow_demo/airflow/dags/dag_spark_multi_source_ETL_new.py
[2024-04-04T00:09:32.161+0000] {processor.py:830} INFO - Processing file /home/datatalks_jan/Data_Eden/3_airflow_demo/airflow/dags/dag_spark_multi_source_ETL_new.py for tasks to queue
[2024-04-04T00:09:32.164+0000] {logging_mixin.py:188} INFO - [2024-04-04T00:09:32.162+0000] {dagbag.py:540} INFO - Filling up the DagBag from /home/datatalks_jan/Data_Eden/3_airflow_demo/airflow/dags/dag_spark_multi_source_ETL_new.py
[2024-04-04T00:09:32.479+0000] {processor.py:840} INFO - DAG(s) 'conrad_coding' retrieved from /home/datatalks_jan/Data_Eden/3_airflow_demo/airflow/dags/dag_spark_multi_source_ETL_new.py
[2024-04-04T00:09:32.505+0000] {logging_mixin.py:188} INFO - [2024-04-04T00:09:32.504+0000] {dag.py:3047} INFO - Sync 1 DAGs
[2024-04-04T00:09:32.534+0000] {logging_mixin.py:188} INFO - [2024-04-04T00:09:32.533+0000] {dag.py:3834} INFO - Setting next_dagrun for conrad_coding to 2024-04-07 00:00:00+00:00, run_after=2024-04-14 00:00:00+00:00
[2024-04-04T00:09:32.568+0000] {processor.py:183} INFO - Processing /home/datatalks_jan/Data_Eden/3_airflow_demo/airflow/dags/dag_spark_multi_source_ETL_new.py took 0.415 seconds
[2024-04-04T00:09:59.745+0000] {processor.py:161} INFO - Started process (PID=100862) to work on /home/datatalks_jan/Data_Eden/3_airflow_demo/airflow/dags/dag_spark_multi_source_ETL_new.py
[2024-04-04T00:09:59.746+0000] {processor.py:830} INFO - Processing file /home/datatalks_jan/Data_Eden/3_airflow_demo/airflow/dags/dag_spark_multi_source_ETL_new.py for tasks to queue
[2024-04-04T00:09:59.747+0000] {logging_mixin.py:188} INFO - [2024-04-04T00:09:59.747+0000] {dagbag.py:540} INFO - Filling up the DagBag from /home/datatalks_jan/Data_Eden/3_airflow_demo/airflow/dags/dag_spark_multi_source_ETL_new.py
[2024-04-04T00:09:59.982+0000] {processor.py:840} INFO - DAG(s) 'conrad_coding' retrieved from /home/datatalks_jan/Data_Eden/3_airflow_demo/airflow/dags/dag_spark_multi_source_ETL_new.py
[2024-04-04T00:10:00.001+0000] {logging_mixin.py:188} INFO - [2024-04-04T00:10:00.001+0000] {dag.py:3047} INFO - Sync 1 DAGs
[2024-04-04T00:10:00.024+0000] {logging_mixin.py:188} INFO - [2024-04-04T00:10:00.024+0000] {dag.py:3834} INFO - Setting next_dagrun for conrad_coding to 2024-04-07 00:00:00+00:00, run_after=2024-04-14 00:00:00+00:00
[2024-04-04T00:10:00.052+0000] {processor.py:183} INFO - Processing /home/datatalks_jan/Data_Eden/3_airflow_demo/airflow/dags/dag_spark_multi_source_ETL_new.py took 0.312 seconds
[2024-04-04T00:10:57.271+0000] {processor.py:161} INFO - Started process (PID=101389) to work on /home/datatalks_jan/Data_Eden/3_airflow_demo/airflow/dags/dag_spark_multi_source_ETL_new.py
[2024-04-04T00:10:57.273+0000] {processor.py:830} INFO - Processing file /home/datatalks_jan/Data_Eden/3_airflow_demo/airflow/dags/dag_spark_multi_source_ETL_new.py for tasks to queue
[2024-04-04T00:10:57.275+0000] {logging_mixin.py:188} INFO - [2024-04-04T00:10:57.274+0000] {dagbag.py:540} INFO - Filling up the DagBag from /home/datatalks_jan/Data_Eden/3_airflow_demo/airflow/dags/dag_spark_multi_source_ETL_new.py
[2024-04-04T00:10:57.491+0000] {processor.py:840} INFO - DAG(s) 'conrad_coding' retrieved from /home/datatalks_jan/Data_Eden/3_airflow_demo/airflow/dags/dag_spark_multi_source_ETL_new.py
[2024-04-04T00:10:57.516+0000] {logging_mixin.py:188} INFO - [2024-04-04T00:10:57.516+0000] {dag.py:3047} INFO - Sync 1 DAGs
[2024-04-04T00:10:57.539+0000] {logging_mixin.py:188} INFO - [2024-04-04T00:10:57.539+0000] {dag.py:3834} INFO - Setting next_dagrun for conrad_coding to 2024-04-07 00:00:00+00:00, run_after=2024-04-14 00:00:00+00:00
[2024-04-04T00:10:57.563+0000] {processor.py:183} INFO - Processing /home/datatalks_jan/Data_Eden/3_airflow_demo/airflow/dags/dag_spark_multi_source_ETL_new.py took 0.297 seconds
[2024-04-04T00:11:44.828+0000] {processor.py:161} INFO - Started process (PID=101706) to work on /home/datatalks_jan/Data_Eden/3_airflow_demo/airflow/dags/dag_spark_multi_source_ETL_new.py
[2024-04-04T00:11:44.831+0000] {processor.py:830} INFO - Processing file /home/datatalks_jan/Data_Eden/3_airflow_demo/airflow/dags/dag_spark_multi_source_ETL_new.py for tasks to queue
[2024-04-04T00:11:44.833+0000] {logging_mixin.py:188} INFO - [2024-04-04T00:11:44.832+0000] {dagbag.py:540} INFO - Filling up the DagBag from /home/datatalks_jan/Data_Eden/3_airflow_demo/airflow/dags/dag_spark_multi_source_ETL_new.py
[2024-04-04T00:11:45.072+0000] {processor.py:840} INFO - DAG(s) 'conrad_coding' retrieved from /home/datatalks_jan/Data_Eden/3_airflow_demo/airflow/dags/dag_spark_multi_source_ETL_new.py
[2024-04-04T00:11:45.097+0000] {logging_mixin.py:188} INFO - [2024-04-04T00:11:45.096+0000] {dag.py:3047} INFO - Sync 1 DAGs
[2024-04-04T00:11:45.127+0000] {logging_mixin.py:188} INFO - [2024-04-04T00:11:45.126+0000] {dag.py:3834} INFO - Setting next_dagrun for conrad_coding to 2024-04-07 00:00:00+00:00, run_after=2024-04-14 00:00:00+00:00
[2024-04-04T00:11:45.155+0000] {processor.py:183} INFO - Processing /home/datatalks_jan/Data_Eden/3_airflow_demo/airflow/dags/dag_spark_multi_source_ETL_new.py took 0.333 seconds
[2024-04-04T00:12:09.152+0000] {processor.py:161} INFO - Started process (PID=101894) to work on /home/datatalks_jan/Data_Eden/3_airflow_demo/airflow/dags/dag_spark_multi_source_ETL_new.py
[2024-04-04T00:12:09.154+0000] {processor.py:830} INFO - Processing file /home/datatalks_jan/Data_Eden/3_airflow_demo/airflow/dags/dag_spark_multi_source_ETL_new.py for tasks to queue
[2024-04-04T00:12:09.155+0000] {logging_mixin.py:188} INFO - [2024-04-04T00:12:09.155+0000] {dagbag.py:540} INFO - Filling up the DagBag from /home/datatalks_jan/Data_Eden/3_airflow_demo/airflow/dags/dag_spark_multi_source_ETL_new.py
[2024-04-04T00:12:09.162+0000] {logging_mixin.py:188} INFO - [2024-04-04T00:12:09.160+0000] {dagbag.py:350} ERROR - Failed to import: /home/datatalks_jan/Data_Eden/3_airflow_demo/airflow/dags/dag_spark_multi_source_ETL_new.py
Traceback (most recent call last):
  File "/home/datatalks_jan/anaconda3/lib/python3.11/site-packages/airflow/models/dagbag.py", line 346, in parse
    loader.exec_module(new_module)
  File "<frozen importlib._bootstrap_external>", line 936, in exec_module
  File "<frozen importlib._bootstrap_external>", line 1074, in get_code
  File "<frozen importlib._bootstrap_external>", line 1004, in source_to_code
  File "<frozen importlib._bootstrap>", line 241, in _call_with_frames_removed
  File "/home/datatalks_jan/Data_Eden/3_airflow_demo/airflow/dags/dag_spark_multi_source_ETL_new.py", line 19
    """
    ^
SyntaxError: unterminated triple-quoted string literal (detected at line 50)
[2024-04-04T00:12:09.163+0000] {processor.py:842} WARNING - No viable dags retrieved from /home/datatalks_jan/Data_Eden/3_airflow_demo/airflow/dags/dag_spark_multi_source_ETL_new.py
[2024-04-04T00:12:09.192+0000] {processor.py:183} INFO - Processing /home/datatalks_jan/Data_Eden/3_airflow_demo/airflow/dags/dag_spark_multi_source_ETL_new.py took 0.045 seconds
[2024-04-04T00:12:57.749+0000] {processor.py:161} INFO - Started process (PID=102183) to work on /home/datatalks_jan/Data_Eden/3_airflow_demo/airflow/dags/dag_spark_multi_source_ETL_new.py
[2024-04-04T00:12:57.752+0000] {processor.py:830} INFO - Processing file /home/datatalks_jan/Data_Eden/3_airflow_demo/airflow/dags/dag_spark_multi_source_ETL_new.py for tasks to queue
[2024-04-04T00:12:57.753+0000] {logging_mixin.py:188} INFO - [2024-04-04T00:12:57.753+0000] {dagbag.py:540} INFO - Filling up the DagBag from /home/datatalks_jan/Data_Eden/3_airflow_demo/airflow/dags/dag_spark_multi_source_ETL_new.py
[2024-04-04T00:12:57.973+0000] {processor.py:840} INFO - DAG(s) 'conrad_coding' retrieved from /home/datatalks_jan/Data_Eden/3_airflow_demo/airflow/dags/dag_spark_multi_source_ETL_new.py
[2024-04-04T00:12:57.992+0000] {logging_mixin.py:188} INFO - [2024-04-04T00:12:57.992+0000] {dag.py:3047} INFO - Sync 1 DAGs
[2024-04-04T00:12:58.017+0000] {logging_mixin.py:188} INFO - [2024-04-04T00:12:58.017+0000] {dag.py:3834} INFO - Setting next_dagrun for conrad_coding to 2024-04-07 00:00:00+00:00, run_after=2024-04-14 00:00:00+00:00
[2024-04-04T00:12:58.048+0000] {processor.py:183} INFO - Processing /home/datatalks_jan/Data_Eden/3_airflow_demo/airflow/dags/dag_spark_multi_source_ETL_new.py took 0.308 seconds
[2024-04-04T00:13:49.340+0000] {processor.py:161} INFO - Started process (PID=102697) to work on /home/datatalks_jan/Data_Eden/3_airflow_demo/airflow/dags/dag_spark_multi_source_ETL_new.py
[2024-04-04T00:13:49.343+0000] {processor.py:830} INFO - Processing file /home/datatalks_jan/Data_Eden/3_airflow_demo/airflow/dags/dag_spark_multi_source_ETL_new.py for tasks to queue
[2024-04-04T00:13:49.344+0000] {logging_mixin.py:188} INFO - [2024-04-04T00:13:49.343+0000] {dagbag.py:540} INFO - Filling up the DagBag from /home/datatalks_jan/Data_Eden/3_airflow_demo/airflow/dags/dag_spark_multi_source_ETL_new.py
[2024-04-04T00:13:49.577+0000] {processor.py:840} INFO - DAG(s) 'conrad_coding' retrieved from /home/datatalks_jan/Data_Eden/3_airflow_demo/airflow/dags/dag_spark_multi_source_ETL_new.py
[2024-04-04T00:13:49.600+0000] {logging_mixin.py:188} INFO - [2024-04-04T00:13:49.599+0000] {dag.py:3047} INFO - Sync 1 DAGs
[2024-04-04T00:13:49.627+0000] {logging_mixin.py:188} INFO - [2024-04-04T00:13:49.627+0000] {dag.py:3834} INFO - Setting next_dagrun for conrad_coding to 2024-04-07 00:00:00+00:00, run_after=2024-04-14 00:00:00+00:00
[2024-04-04T00:13:49.653+0000] {processor.py:183} INFO - Processing /home/datatalks_jan/Data_Eden/3_airflow_demo/airflow/dags/dag_spark_multi_source_ETL_new.py took 0.319 seconds
[2024-04-04T00:14:41.755+0000] {processor.py:161} INFO - Started process (PID=103050) to work on /home/datatalks_jan/Data_Eden/3_airflow_demo/airflow/dags/dag_spark_multi_source_ETL_new.py
[2024-04-04T00:14:41.758+0000] {processor.py:830} INFO - Processing file /home/datatalks_jan/Data_Eden/3_airflow_demo/airflow/dags/dag_spark_multi_source_ETL_new.py for tasks to queue
[2024-04-04T00:14:41.760+0000] {logging_mixin.py:188} INFO - [2024-04-04T00:14:41.759+0000] {dagbag.py:540} INFO - Filling up the DagBag from /home/datatalks_jan/Data_Eden/3_airflow_demo/airflow/dags/dag_spark_multi_source_ETL_new.py
[2024-04-04T00:14:42.002+0000] {processor.py:840} INFO - DAG(s) 'conrad_coding' retrieved from /home/datatalks_jan/Data_Eden/3_airflow_demo/airflow/dags/dag_spark_multi_source_ETL_new.py
[2024-04-04T00:14:42.034+0000] {logging_mixin.py:188} INFO - [2024-04-04T00:14:42.034+0000] {dag.py:3047} INFO - Sync 1 DAGs
[2024-04-04T00:14:42.059+0000] {logging_mixin.py:188} INFO - [2024-04-04T00:14:42.059+0000] {dag.py:3834} INFO - Setting next_dagrun for conrad_coding to 2024-04-07 00:00:00+00:00, run_after=2024-04-14 00:00:00+00:00
[2024-04-04T00:14:42.089+0000] {processor.py:183} INFO - Processing /home/datatalks_jan/Data_Eden/3_airflow_demo/airflow/dags/dag_spark_multi_source_ETL_new.py took 0.339 seconds
[2024-04-04T00:15:31.926+0000] {processor.py:161} INFO - Started process (PID=103429) to work on /home/datatalks_jan/Data_Eden/3_airflow_demo/airflow/dags/dag_spark_multi_source_ETL_new.py
[2024-04-04T00:15:31.929+0000] {processor.py:830} INFO - Processing file /home/datatalks_jan/Data_Eden/3_airflow_demo/airflow/dags/dag_spark_multi_source_ETL_new.py for tasks to queue
[2024-04-04T00:15:31.930+0000] {logging_mixin.py:188} INFO - [2024-04-04T00:15:31.929+0000] {dagbag.py:540} INFO - Filling up the DagBag from /home/datatalks_jan/Data_Eden/3_airflow_demo/airflow/dags/dag_spark_multi_source_ETL_new.py
[2024-04-04T00:15:32.147+0000] {processor.py:840} INFO - DAG(s) 'conrad_coding' retrieved from /home/datatalks_jan/Data_Eden/3_airflow_demo/airflow/dags/dag_spark_multi_source_ETL_new.py
[2024-04-04T00:15:32.167+0000] {logging_mixin.py:188} INFO - [2024-04-04T00:15:32.166+0000] {dag.py:3047} INFO - Sync 1 DAGs
[2024-04-04T00:15:32.191+0000] {logging_mixin.py:188} INFO - [2024-04-04T00:15:32.191+0000] {dag.py:3834} INFO - Setting next_dagrun for conrad_coding to 2024-04-07 00:00:00+00:00, run_after=2024-04-14 00:00:00+00:00
[2024-04-04T00:15:32.216+0000] {processor.py:183} INFO - Processing /home/datatalks_jan/Data_Eden/3_airflow_demo/airflow/dags/dag_spark_multi_source_ETL_new.py took 0.296 seconds
[2024-04-04T00:16:22.605+0000] {processor.py:161} INFO - Started process (PID=103810) to work on /home/datatalks_jan/Data_Eden/3_airflow_demo/airflow/dags/dag_spark_multi_source_ETL_new.py
[2024-04-04T00:16:22.608+0000] {processor.py:830} INFO - Processing file /home/datatalks_jan/Data_Eden/3_airflow_demo/airflow/dags/dag_spark_multi_source_ETL_new.py for tasks to queue
[2024-04-04T00:16:22.609+0000] {logging_mixin.py:188} INFO - [2024-04-04T00:16:22.609+0000] {dagbag.py:540} INFO - Filling up the DagBag from /home/datatalks_jan/Data_Eden/3_airflow_demo/airflow/dags/dag_spark_multi_source_ETL_new.py
[2024-04-04T00:16:22.832+0000] {processor.py:840} INFO - DAG(s) 'conrad_coding' retrieved from /home/datatalks_jan/Data_Eden/3_airflow_demo/airflow/dags/dag_spark_multi_source_ETL_new.py
[2024-04-04T00:16:22.853+0000] {logging_mixin.py:188} INFO - [2024-04-04T00:16:22.853+0000] {dag.py:3047} INFO - Sync 1 DAGs
[2024-04-04T00:16:22.878+0000] {logging_mixin.py:188} INFO - [2024-04-04T00:16:22.877+0000] {dag.py:3834} INFO - Setting next_dagrun for conrad_coding to 2024-04-07 00:00:00+00:00, run_after=2024-04-14 00:00:00+00:00
[2024-04-04T00:16:22.906+0000] {processor.py:183} INFO - Processing /home/datatalks_jan/Data_Eden/3_airflow_demo/airflow/dags/dag_spark_multi_source_ETL_new.py took 0.307 seconds
[2024-04-04T00:17:08.935+0000] {processor.py:161} INFO - Started process (PID=103959) to work on /home/datatalks_jan/Data_Eden/3_airflow_demo/airflow/dags/dag_spark_multi_source_ETL_new.py
[2024-04-04T00:17:08.937+0000] {processor.py:830} INFO - Processing file /home/datatalks_jan/Data_Eden/3_airflow_demo/airflow/dags/dag_spark_multi_source_ETL_new.py for tasks to queue
[2024-04-04T00:17:08.938+0000] {logging_mixin.py:188} INFO - [2024-04-04T00:17:08.938+0000] {dagbag.py:540} INFO - Filling up the DagBag from /home/datatalks_jan/Data_Eden/3_airflow_demo/airflow/dags/dag_spark_multi_source_ETL_new.py
[2024-04-04T00:17:09.147+0000] {processor.py:840} INFO - DAG(s) 'conrad_coding' retrieved from /home/datatalks_jan/Data_Eden/3_airflow_demo/airflow/dags/dag_spark_multi_source_ETL_new.py
[2024-04-04T00:17:09.167+0000] {logging_mixin.py:188} INFO - [2024-04-04T00:17:09.166+0000] {dag.py:3047} INFO - Sync 1 DAGs
[2024-04-04T00:17:09.189+0000] {logging_mixin.py:188} INFO - [2024-04-04T00:17:09.188+0000] {dag.py:3834} INFO - Setting next_dagrun for conrad_coding to 2024-04-07 00:00:00+00:00, run_after=2024-04-14 00:00:00+00:00
[2024-04-04T00:17:09.212+0000] {processor.py:183} INFO - Processing /home/datatalks_jan/Data_Eden/3_airflow_demo/airflow/dags/dag_spark_multi_source_ETL_new.py took 0.282 seconds
[2024-04-04T00:17:53.579+0000] {processor.py:161} INFO - Started process (PID=104185) to work on /home/datatalks_jan/Data_Eden/3_airflow_demo/airflow/dags/dag_spark_multi_source_ETL_new.py
[2024-04-04T00:17:53.582+0000] {processor.py:830} INFO - Processing file /home/datatalks_jan/Data_Eden/3_airflow_demo/airflow/dags/dag_spark_multi_source_ETL_new.py for tasks to queue
[2024-04-04T00:17:53.584+0000] {logging_mixin.py:188} INFO - [2024-04-04T00:17:53.583+0000] {dagbag.py:540} INFO - Filling up the DagBag from /home/datatalks_jan/Data_Eden/3_airflow_demo/airflow/dags/dag_spark_multi_source_ETL_new.py
[2024-04-04T00:17:53.842+0000] {processor.py:840} INFO - DAG(s) 'conrad_coding' retrieved from /home/datatalks_jan/Data_Eden/3_airflow_demo/airflow/dags/dag_spark_multi_source_ETL_new.py
[2024-04-04T00:17:53.867+0000] {logging_mixin.py:188} INFO - [2024-04-04T00:17:53.866+0000] {dag.py:3047} INFO - Sync 1 DAGs
[2024-04-04T00:17:53.901+0000] {logging_mixin.py:188} INFO - [2024-04-04T00:17:53.900+0000] {dag.py:3834} INFO - Setting next_dagrun for conrad_coding to 2024-04-07 00:00:00+00:00, run_after=2024-04-14 00:00:00+00:00
[2024-04-04T00:17:53.937+0000] {processor.py:183} INFO - Processing /home/datatalks_jan/Data_Eden/3_airflow_demo/airflow/dags/dag_spark_multi_source_ETL_new.py took 0.364 seconds
[2024-04-04T00:18:49.112+0000] {processor.py:161} INFO - Started process (PID=104445) to work on /home/datatalks_jan/Data_Eden/3_airflow_demo/airflow/dags/dag_spark_multi_source_ETL_new.py
[2024-04-04T00:18:49.115+0000] {processor.py:830} INFO - Processing file /home/datatalks_jan/Data_Eden/3_airflow_demo/airflow/dags/dag_spark_multi_source_ETL_new.py for tasks to queue
[2024-04-04T00:18:49.116+0000] {logging_mixin.py:188} INFO - [2024-04-04T00:18:49.115+0000] {dagbag.py:540} INFO - Filling up the DagBag from /home/datatalks_jan/Data_Eden/3_airflow_demo/airflow/dags/dag_spark_multi_source_ETL_new.py
[2024-04-04T00:18:49.331+0000] {processor.py:840} INFO - DAG(s) 'conrad_coding' retrieved from /home/datatalks_jan/Data_Eden/3_airflow_demo/airflow/dags/dag_spark_multi_source_ETL_new.py
[2024-04-04T00:18:49.352+0000] {logging_mixin.py:188} INFO - [2024-04-04T00:18:49.351+0000] {dag.py:3047} INFO - Sync 1 DAGs
[2024-04-04T00:18:49.375+0000] {logging_mixin.py:188} INFO - [2024-04-04T00:18:49.375+0000] {dag.py:3834} INFO - Setting next_dagrun for conrad_coding to 2024-04-07 00:00:00+00:00, run_after=2024-04-14 00:00:00+00:00
[2024-04-04T00:18:49.400+0000] {processor.py:183} INFO - Processing /home/datatalks_jan/Data_Eden/3_airflow_demo/airflow/dags/dag_spark_multi_source_ETL_new.py took 0.293 seconds
[2024-04-04T00:19:42.186+0000] {processor.py:161} INFO - Started process (PID=104497) to work on /home/datatalks_jan/Data_Eden/3_airflow_demo/airflow/dags/dag_spark_multi_source_ETL_new.py
[2024-04-04T00:19:42.188+0000] {processor.py:830} INFO - Processing file /home/datatalks_jan/Data_Eden/3_airflow_demo/airflow/dags/dag_spark_multi_source_ETL_new.py for tasks to queue
[2024-04-04T00:19:42.190+0000] {logging_mixin.py:188} INFO - [2024-04-04T00:19:42.189+0000] {dagbag.py:540} INFO - Filling up the DagBag from /home/datatalks_jan/Data_Eden/3_airflow_demo/airflow/dags/dag_spark_multi_source_ETL_new.py
[2024-04-04T00:19:42.408+0000] {processor.py:840} INFO - DAG(s) 'conrad_coding' retrieved from /home/datatalks_jan/Data_Eden/3_airflow_demo/airflow/dags/dag_spark_multi_source_ETL_new.py
[2024-04-04T00:19:42.428+0000] {logging_mixin.py:188} INFO - [2024-04-04T00:19:42.426+0000] {dag.py:3047} INFO - Sync 1 DAGs
[2024-04-04T00:19:42.450+0000] {logging_mixin.py:188} INFO - [2024-04-04T00:19:42.450+0000] {dag.py:3834} INFO - Setting next_dagrun for conrad_coding to 2024-04-07 00:00:00+00:00, run_after=2024-04-14 00:00:00+00:00
[2024-04-04T00:19:42.477+0000] {processor.py:183} INFO - Processing /home/datatalks_jan/Data_Eden/3_airflow_demo/airflow/dags/dag_spark_multi_source_ETL_new.py took 0.296 seconds
[2024-04-04T00:20:22.621+0000] {processor.py:161} INFO - Started process (PID=104539) to work on /home/datatalks_jan/Data_Eden/3_airflow_demo/airflow/dags/dag_spark_multi_source_ETL_new.py
[2024-04-04T00:20:22.624+0000] {processor.py:830} INFO - Processing file /home/datatalks_jan/Data_Eden/3_airflow_demo/airflow/dags/dag_spark_multi_source_ETL_new.py for tasks to queue
[2024-04-04T00:20:22.625+0000] {logging_mixin.py:188} INFO - [2024-04-04T00:20:22.624+0000] {dagbag.py:540} INFO - Filling up the DagBag from /home/datatalks_jan/Data_Eden/3_airflow_demo/airflow/dags/dag_spark_multi_source_ETL_new.py
[2024-04-04T00:20:22.875+0000] {processor.py:840} INFO - DAG(s) 'conrad_coding' retrieved from /home/datatalks_jan/Data_Eden/3_airflow_demo/airflow/dags/dag_spark_multi_source_ETL_new.py
[2024-04-04T00:20:22.902+0000] {logging_mixin.py:188} INFO - [2024-04-04T00:20:22.901+0000] {dag.py:3047} INFO - Sync 1 DAGs
[2024-04-04T00:20:22.935+0000] {logging_mixin.py:188} INFO - [2024-04-04T00:20:22.934+0000] {dag.py:3834} INFO - Setting next_dagrun for conrad_coding to 2024-04-07 00:00:00+00:00, run_after=2024-04-14 00:00:00+00:00
[2024-04-04T00:20:22.966+0000] {processor.py:183} INFO - Processing /home/datatalks_jan/Data_Eden/3_airflow_demo/airflow/dags/dag_spark_multi_source_ETL_new.py took 0.349 seconds
[2024-04-04T00:21:07.645+0000] {processor.py:161} INFO - Started process (PID=104697) to work on /home/datatalks_jan/Data_Eden/3_airflow_demo/airflow/dags/dag_spark_multi_source_ETL_new.py
[2024-04-04T00:21:07.648+0000] {processor.py:830} INFO - Processing file /home/datatalks_jan/Data_Eden/3_airflow_demo/airflow/dags/dag_spark_multi_source_ETL_new.py for tasks to queue
[2024-04-04T00:21:07.649+0000] {logging_mixin.py:188} INFO - [2024-04-04T00:21:07.649+0000] {dagbag.py:540} INFO - Filling up the DagBag from /home/datatalks_jan/Data_Eden/3_airflow_demo/airflow/dags/dag_spark_multi_source_ETL_new.py
[2024-04-04T00:21:07.867+0000] {processor.py:840} INFO - DAG(s) 'conrad_coding' retrieved from /home/datatalks_jan/Data_Eden/3_airflow_demo/airflow/dags/dag_spark_multi_source_ETL_new.py
[2024-04-04T00:21:07.889+0000] {logging_mixin.py:188} INFO - [2024-04-04T00:21:07.888+0000] {dag.py:3047} INFO - Sync 1 DAGs
[2024-04-04T00:21:07.911+0000] {logging_mixin.py:188} INFO - [2024-04-04T00:21:07.911+0000] {dag.py:3834} INFO - Setting next_dagrun for conrad_coding to 2024-04-07 00:00:00+00:00, run_after=2024-04-14 00:00:00+00:00
[2024-04-04T00:21:07.935+0000] {processor.py:183} INFO - Processing /home/datatalks_jan/Data_Eden/3_airflow_demo/airflow/dags/dag_spark_multi_source_ETL_new.py took 0.296 seconds
[2024-04-04T00:21:54.617+0000] {processor.py:161} INFO - Started process (PID=104747) to work on /home/datatalks_jan/Data_Eden/3_airflow_demo/airflow/dags/dag_spark_multi_source_ETL_new.py
[2024-04-04T00:21:54.619+0000] {processor.py:830} INFO - Processing file /home/datatalks_jan/Data_Eden/3_airflow_demo/airflow/dags/dag_spark_multi_source_ETL_new.py for tasks to queue
[2024-04-04T00:21:54.621+0000] {logging_mixin.py:188} INFO - [2024-04-04T00:21:54.620+0000] {dagbag.py:540} INFO - Filling up the DagBag from /home/datatalks_jan/Data_Eden/3_airflow_demo/airflow/dags/dag_spark_multi_source_ETL_new.py
[2024-04-04T00:21:54.855+0000] {processor.py:840} INFO - DAG(s) 'conrad_coding' retrieved from /home/datatalks_jan/Data_Eden/3_airflow_demo/airflow/dags/dag_spark_multi_source_ETL_new.py
[2024-04-04T00:21:54.879+0000] {logging_mixin.py:188} INFO - [2024-04-04T00:21:54.879+0000] {dag.py:3047} INFO - Sync 1 DAGs
[2024-04-04T00:21:54.907+0000] {logging_mixin.py:188} INFO - [2024-04-04T00:21:54.907+0000] {dag.py:3834} INFO - Setting next_dagrun for conrad_coding to 2024-04-07 00:00:00+00:00, run_after=2024-04-14 00:00:00+00:00
[2024-04-04T00:21:54.935+0000] {processor.py:183} INFO - Processing /home/datatalks_jan/Data_Eden/3_airflow_demo/airflow/dags/dag_spark_multi_source_ETL_new.py took 0.325 seconds
[2024-04-04T00:22:41.723+0000] {processor.py:161} INFO - Started process (PID=104793) to work on /home/datatalks_jan/Data_Eden/3_airflow_demo/airflow/dags/dag_spark_multi_source_ETL_new.py
[2024-04-04T00:22:41.725+0000] {processor.py:830} INFO - Processing file /home/datatalks_jan/Data_Eden/3_airflow_demo/airflow/dags/dag_spark_multi_source_ETL_new.py for tasks to queue
[2024-04-04T00:22:41.727+0000] {logging_mixin.py:188} INFO - [2024-04-04T00:22:41.726+0000] {dagbag.py:540} INFO - Filling up the DagBag from /home/datatalks_jan/Data_Eden/3_airflow_demo/airflow/dags/dag_spark_multi_source_ETL_new.py
[2024-04-04T00:22:41.951+0000] {processor.py:840} INFO - DAG(s) 'conrad_coding' retrieved from /home/datatalks_jan/Data_Eden/3_airflow_demo/airflow/dags/dag_spark_multi_source_ETL_new.py
[2024-04-04T00:22:41.975+0000] {logging_mixin.py:188} INFO - [2024-04-04T00:22:41.974+0000] {dag.py:3047} INFO - Sync 1 DAGs
[2024-04-04T00:22:42.003+0000] {logging_mixin.py:188} INFO - [2024-04-04T00:22:42.003+0000] {dag.py:3834} INFO - Setting next_dagrun for conrad_coding to 2024-04-07 00:00:00+00:00, run_after=2024-04-14 00:00:00+00:00
[2024-04-04T00:22:42.039+0000] {processor.py:183} INFO - Processing /home/datatalks_jan/Data_Eden/3_airflow_demo/airflow/dags/dag_spark_multi_source_ETL_new.py took 0.322 seconds
[2024-04-04T00:23:29.809+0000] {processor.py:161} INFO - Started process (PID=104840) to work on /home/datatalks_jan/Data_Eden/3_airflow_demo/airflow/dags/dag_spark_multi_source_ETL_new.py
[2024-04-04T00:23:29.812+0000] {processor.py:830} INFO - Processing file /home/datatalks_jan/Data_Eden/3_airflow_demo/airflow/dags/dag_spark_multi_source_ETL_new.py for tasks to queue
[2024-04-04T00:23:29.814+0000] {logging_mixin.py:188} INFO - [2024-04-04T00:23:29.813+0000] {dagbag.py:540} INFO - Filling up the DagBag from /home/datatalks_jan/Data_Eden/3_airflow_demo/airflow/dags/dag_spark_multi_source_ETL_new.py
[2024-04-04T00:23:30.052+0000] {processor.py:840} INFO - DAG(s) 'conrad_coding' retrieved from /home/datatalks_jan/Data_Eden/3_airflow_demo/airflow/dags/dag_spark_multi_source_ETL_new.py
[2024-04-04T00:23:30.078+0000] {logging_mixin.py:188} INFO - [2024-04-04T00:23:30.077+0000] {dag.py:3047} INFO - Sync 1 DAGs
[2024-04-04T00:23:30.107+0000] {logging_mixin.py:188} INFO - [2024-04-04T00:23:30.107+0000] {dag.py:3834} INFO - Setting next_dagrun for conrad_coding to 2024-04-07 00:00:00+00:00, run_after=2024-04-14 00:00:00+00:00
[2024-04-04T00:23:30.136+0000] {processor.py:183} INFO - Processing /home/datatalks_jan/Data_Eden/3_airflow_demo/airflow/dags/dag_spark_multi_source_ETL_new.py took 0.334 seconds
[2024-04-04T00:24:17.761+0000] {processor.py:161} INFO - Started process (PID=104954) to work on /home/datatalks_jan/Data_Eden/3_airflow_demo/airflow/dags/dag_spark_multi_source_ETL_new.py
[2024-04-04T00:24:17.764+0000] {processor.py:830} INFO - Processing file /home/datatalks_jan/Data_Eden/3_airflow_demo/airflow/dags/dag_spark_multi_source_ETL_new.py for tasks to queue
[2024-04-04T00:24:17.765+0000] {logging_mixin.py:188} INFO - [2024-04-04T00:24:17.765+0000] {dagbag.py:540} INFO - Filling up the DagBag from /home/datatalks_jan/Data_Eden/3_airflow_demo/airflow/dags/dag_spark_multi_source_ETL_new.py
[2024-04-04T00:24:17.979+0000] {processor.py:840} INFO - DAG(s) 'conrad_coding' retrieved from /home/datatalks_jan/Data_Eden/3_airflow_demo/airflow/dags/dag_spark_multi_source_ETL_new.py
[2024-04-04T00:24:18.000+0000] {logging_mixin.py:188} INFO - [2024-04-04T00:24:17.999+0000] {dag.py:3047} INFO - Sync 1 DAGs
[2024-04-04T00:24:18.025+0000] {logging_mixin.py:188} INFO - [2024-04-04T00:24:18.025+0000] {dag.py:3834} INFO - Setting next_dagrun for conrad_coding to 2024-04-07 00:00:00+00:00, run_after=2024-04-14 00:00:00+00:00
[2024-04-04T00:24:18.053+0000] {processor.py:183} INFO - Processing /home/datatalks_jan/Data_Eden/3_airflow_demo/airflow/dags/dag_spark_multi_source_ETL_new.py took 0.297 seconds
[2024-04-04T00:25:08.894+0000] {processor.py:161} INFO - Started process (PID=105007) to work on /home/datatalks_jan/Data_Eden/3_airflow_demo/airflow/dags/dag_spark_multi_source_ETL_new.py
[2024-04-04T00:25:08.896+0000] {processor.py:830} INFO - Processing file /home/datatalks_jan/Data_Eden/3_airflow_demo/airflow/dags/dag_spark_multi_source_ETL_new.py for tasks to queue
[2024-04-04T00:25:08.898+0000] {logging_mixin.py:188} INFO - [2024-04-04T00:25:08.898+0000] {dagbag.py:540} INFO - Filling up the DagBag from /home/datatalks_jan/Data_Eden/3_airflow_demo/airflow/dags/dag_spark_multi_source_ETL_new.py
[2024-04-04T00:25:09.110+0000] {processor.py:840} INFO - DAG(s) 'conrad_coding' retrieved from /home/datatalks_jan/Data_Eden/3_airflow_demo/airflow/dags/dag_spark_multi_source_ETL_new.py
[2024-04-04T00:25:09.128+0000] {logging_mixin.py:188} INFO - [2024-04-04T00:25:09.128+0000] {dag.py:3047} INFO - Sync 1 DAGs
[2024-04-04T00:25:09.150+0000] {logging_mixin.py:188} INFO - [2024-04-04T00:25:09.150+0000] {dag.py:3834} INFO - Setting next_dagrun for conrad_coding to 2024-04-07 00:00:00+00:00, run_after=2024-04-14 00:00:00+00:00
[2024-04-04T00:25:09.175+0000] {processor.py:183} INFO - Processing /home/datatalks_jan/Data_Eden/3_airflow_demo/airflow/dags/dag_spark_multi_source_ETL_new.py took 0.286 seconds
[2024-04-04T00:25:55.435+0000] {processor.py:161} INFO - Started process (PID=105107) to work on /home/datatalks_jan/Data_Eden/3_airflow_demo/airflow/dags/dag_spark_multi_source_ETL_new.py
[2024-04-04T00:25:55.437+0000] {processor.py:830} INFO - Processing file /home/datatalks_jan/Data_Eden/3_airflow_demo/airflow/dags/dag_spark_multi_source_ETL_new.py for tasks to queue
[2024-04-04T00:25:55.439+0000] {logging_mixin.py:188} INFO - [2024-04-04T00:25:55.438+0000] {dagbag.py:540} INFO - Filling up the DagBag from /home/datatalks_jan/Data_Eden/3_airflow_demo/airflow/dags/dag_spark_multi_source_ETL_new.py
[2024-04-04T00:25:55.658+0000] {processor.py:840} INFO - DAG(s) 'conrad_coding' retrieved from /home/datatalks_jan/Data_Eden/3_airflow_demo/airflow/dags/dag_spark_multi_source_ETL_new.py
[2024-04-04T00:25:55.680+0000] {logging_mixin.py:188} INFO - [2024-04-04T00:25:55.679+0000] {dag.py:3047} INFO - Sync 1 DAGs
[2024-04-04T00:25:55.706+0000] {logging_mixin.py:188} INFO - [2024-04-04T00:25:55.706+0000] {dag.py:3834} INFO - Setting next_dagrun for conrad_coding to 2024-04-07 00:00:00+00:00, run_after=2024-04-14 00:00:00+00:00
[2024-04-04T00:25:55.732+0000] {processor.py:183} INFO - Processing /home/datatalks_jan/Data_Eden/3_airflow_demo/airflow/dags/dag_spark_multi_source_ETL_new.py took 0.303 seconds
[2024-04-04T00:26:39.385+0000] {processor.py:161} INFO - Started process (PID=105157) to work on /home/datatalks_jan/Data_Eden/3_airflow_demo/airflow/dags/dag_spark_multi_source_ETL_new.py
[2024-04-04T00:26:39.388+0000] {processor.py:830} INFO - Processing file /home/datatalks_jan/Data_Eden/3_airflow_demo/airflow/dags/dag_spark_multi_source_ETL_new.py for tasks to queue
[2024-04-04T00:26:39.389+0000] {logging_mixin.py:188} INFO - [2024-04-04T00:26:39.388+0000] {dagbag.py:540} INFO - Filling up the DagBag from /home/datatalks_jan/Data_Eden/3_airflow_demo/airflow/dags/dag_spark_multi_source_ETL_new.py
[2024-04-04T00:26:39.625+0000] {processor.py:840} INFO - DAG(s) 'conrad_coding' retrieved from /home/datatalks_jan/Data_Eden/3_airflow_demo/airflow/dags/dag_spark_multi_source_ETL_new.py
[2024-04-04T00:26:39.647+0000] {logging_mixin.py:188} INFO - [2024-04-04T00:26:39.646+0000] {dag.py:3047} INFO - Sync 1 DAGs
[2024-04-04T00:26:39.672+0000] {logging_mixin.py:188} INFO - [2024-04-04T00:26:39.672+0000] {dag.py:3834} INFO - Setting next_dagrun for conrad_coding to 2024-04-07 00:00:00+00:00, run_after=2024-04-14 00:00:00+00:00
[2024-04-04T00:26:39.699+0000] {processor.py:183} INFO - Processing /home/datatalks_jan/Data_Eden/3_airflow_demo/airflow/dags/dag_spark_multi_source_ETL_new.py took 0.320 seconds
[2024-04-04T00:27:01.108+0000] {processor.py:161} INFO - Started process (PID=105178) to work on /home/datatalks_jan/Data_Eden/3_airflow_demo/airflow/dags/dag_spark_multi_source_ETL_new.py
[2024-04-04T00:27:01.109+0000] {processor.py:830} INFO - Processing file /home/datatalks_jan/Data_Eden/3_airflow_demo/airflow/dags/dag_spark_multi_source_ETL_new.py for tasks to queue
[2024-04-04T00:27:01.110+0000] {logging_mixin.py:188} INFO - [2024-04-04T00:27:01.110+0000] {dagbag.py:540} INFO - Filling up the DagBag from /home/datatalks_jan/Data_Eden/3_airflow_demo/airflow/dags/dag_spark_multi_source_ETL_new.py
[2024-04-04T00:27:01.324+0000] {processor.py:840} INFO - DAG(s) 'conrad_coding' retrieved from /home/datatalks_jan/Data_Eden/3_airflow_demo/airflow/dags/dag_spark_multi_source_ETL_new.py
[2024-04-04T00:27:01.343+0000] {logging_mixin.py:188} INFO - [2024-04-04T00:27:01.343+0000] {dag.py:3047} INFO - Sync 1 DAGs
[2024-04-04T00:27:01.366+0000] {logging_mixin.py:188} INFO - [2024-04-04T00:27:01.365+0000] {dag.py:3834} INFO - Setting next_dagrun for conrad_coding to 2024-04-07 00:00:00+00:00, run_after=2024-04-14 00:00:00+00:00
[2024-04-04T00:27:01.393+0000] {processor.py:183} INFO - Processing /home/datatalks_jan/Data_Eden/3_airflow_demo/airflow/dags/dag_spark_multi_source_ETL_new.py took 0.291 seconds
[2024-04-04T00:27:23.384+0000] {processor.py:161} INFO - Started process (PID=105203) to work on /home/datatalks_jan/Data_Eden/3_airflow_demo/airflow/dags/dag_spark_multi_source_ETL_new.py
[2024-04-04T00:27:23.387+0000] {processor.py:830} INFO - Processing file /home/datatalks_jan/Data_Eden/3_airflow_demo/airflow/dags/dag_spark_multi_source_ETL_new.py for tasks to queue
[2024-04-04T00:27:23.388+0000] {logging_mixin.py:188} INFO - [2024-04-04T00:27:23.387+0000] {dagbag.py:540} INFO - Filling up the DagBag from /home/datatalks_jan/Data_Eden/3_airflow_demo/airflow/dags/dag_spark_multi_source_ETL_new.py
[2024-04-04T00:27:23.608+0000] {logging_mixin.py:188} INFO - [2024-04-04T00:27:23.601+0000] {dagbag.py:350} ERROR - Failed to import: /home/datatalks_jan/Data_Eden/3_airflow_demo/airflow/dags/dag_spark_multi_source_ETL_new.py
Traceback (most recent call last):
  File "/home/datatalks_jan/anaconda3/lib/python3.11/site-packages/airflow/models/dagbag.py", line 346, in parse
    loader.exec_module(new_module)
  File "<frozen importlib._bootstrap_external>", line 940, in exec_module
  File "<frozen importlib._bootstrap>", line 241, in _call_with_frames_removed
  File "/home/datatalks_jan/Data_Eden/3_airflow_demo/airflow/dags/dag_spark_multi_source_ETL_new.py", line 44, in <module>
    task_2_spark = DockerOperator(
                   ^^^^^^^^^^^^^^^
  File "/home/datatalks_jan/anaconda3/lib/python3.11/site-packages/airflow/models/baseoperator.py", line 437, in apply_defaults
    result = func(self, **kwargs, default_args=default_args)
             ^^^^^^^^^^^^^^^^^^^^^^^^^^^^^^^^^^^^^^^^^^^^^^^
  File "/home/datatalks_jan/anaconda3/lib/python3.11/site-packages/airflow/providers/docker/operators/docker.py", line 265, in __init__
    super().__init__(**kwargs)
  File "/home/datatalks_jan/anaconda3/lib/python3.11/site-packages/airflow/models/baseoperator.py", line 437, in apply_defaults
    result = func(self, **kwargs, default_args=default_args)
             ^^^^^^^^^^^^^^^^^^^^^^^^^^^^^^^^^^^^^^^^^^^^^^^
  File "/home/datatalks_jan/anaconda3/lib/python3.11/site-packages/airflow/models/baseoperator.py", line 811, in __init__
    task_group.add(self)
  File "/home/datatalks_jan/anaconda3/lib/python3.11/site-packages/airflow/utils/task_group.py", line 231, in add
    raise DuplicateTaskIdFound(f"{node_type} id '{key}' has already been added to the DAG")
airflow.exceptions.DuplicateTaskIdFound: Task id 'task_2_spark' has already been added to the DAG
[2024-04-04T00:27:23.609+0000] {processor.py:842} WARNING - No viable dags retrieved from /home/datatalks_jan/Data_Eden/3_airflow_demo/airflow/dags/dag_spark_multi_source_ETL_new.py
[2024-04-04T00:27:23.632+0000] {processor.py:183} INFO - Processing /home/datatalks_jan/Data_Eden/3_airflow_demo/airflow/dags/dag_spark_multi_source_ETL_new.py took 0.253 seconds
[2024-04-04T00:27:46.736+0000] {processor.py:161} INFO - Started process (PID=105226) to work on /home/datatalks_jan/Data_Eden/3_airflow_demo/airflow/dags/dag_spark_multi_source_ETL_new.py
[2024-04-04T00:27:46.738+0000] {processor.py:830} INFO - Processing file /home/datatalks_jan/Data_Eden/3_airflow_demo/airflow/dags/dag_spark_multi_source_ETL_new.py for tasks to queue
[2024-04-04T00:27:46.739+0000] {logging_mixin.py:188} INFO - [2024-04-04T00:27:46.738+0000] {dagbag.py:540} INFO - Filling up the DagBag from /home/datatalks_jan/Data_Eden/3_airflow_demo/airflow/dags/dag_spark_multi_source_ETL_new.py
[2024-04-04T00:27:46.972+0000] {processor.py:840} INFO - DAG(s) 'conrad_coding' retrieved from /home/datatalks_jan/Data_Eden/3_airflow_demo/airflow/dags/dag_spark_multi_source_ETL_new.py
[2024-04-04T00:27:47.089+0000] {logging_mixin.py:188} INFO - [2024-04-04T00:27:47.089+0000] {dag.py:3047} INFO - Sync 1 DAGs
[2024-04-04T00:27:47.110+0000] {logging_mixin.py:188} INFO - [2024-04-04T00:27:47.110+0000] {dag.py:3834} INFO - Setting next_dagrun for conrad_coding to 2024-04-07 00:00:00+00:00, run_after=2024-04-14 00:00:00+00:00
[2024-04-04T00:27:47.144+0000] {processor.py:183} INFO - Processing /home/datatalks_jan/Data_Eden/3_airflow_demo/airflow/dags/dag_spark_multi_source_ETL_new.py took 0.415 seconds
[2024-04-04T00:28:11.322+0000] {processor.py:161} INFO - Started process (PID=105252) to work on /home/datatalks_jan/Data_Eden/3_airflow_demo/airflow/dags/dag_spark_multi_source_ETL_new.py
[2024-04-04T00:28:11.324+0000] {processor.py:830} INFO - Processing file /home/datatalks_jan/Data_Eden/3_airflow_demo/airflow/dags/dag_spark_multi_source_ETL_new.py for tasks to queue
[2024-04-04T00:28:11.325+0000] {logging_mixin.py:188} INFO - [2024-04-04T00:28:11.325+0000] {dagbag.py:540} INFO - Filling up the DagBag from /home/datatalks_jan/Data_Eden/3_airflow_demo/airflow/dags/dag_spark_multi_source_ETL_new.py
[2024-04-04T00:28:11.543+0000] {processor.py:840} INFO - DAG(s) 'conrad_coding' retrieved from /home/datatalks_jan/Data_Eden/3_airflow_demo/airflow/dags/dag_spark_multi_source_ETL_new.py
[2024-04-04T00:28:11.555+0000] {logging_mixin.py:188} INFO - [2024-04-04T00:28:11.554+0000] {dag.py:3047} INFO - Sync 1 DAGs
[2024-04-04T00:28:11.586+0000] {logging_mixin.py:188} INFO - [2024-04-04T00:28:11.586+0000] {dag.py:3834} INFO - Setting next_dagrun for conrad_coding to 2024-04-07 00:00:00+00:00, run_after=2024-04-14 00:00:00+00:00
[2024-04-04T00:28:11.610+0000] {processor.py:183} INFO - Processing /home/datatalks_jan/Data_Eden/3_airflow_demo/airflow/dags/dag_spark_multi_source_ETL_new.py took 0.293 seconds
[2024-04-04T00:28:39.364+0000] {processor.py:161} INFO - Started process (PID=105396) to work on /home/datatalks_jan/Data_Eden/3_airflow_demo/airflow/dags/dag_spark_multi_source_ETL_new.py
[2024-04-04T00:28:39.366+0000] {processor.py:830} INFO - Processing file /home/datatalks_jan/Data_Eden/3_airflow_demo/airflow/dags/dag_spark_multi_source_ETL_new.py for tasks to queue
[2024-04-04T00:28:39.367+0000] {logging_mixin.py:188} INFO - [2024-04-04T00:28:39.366+0000] {dagbag.py:540} INFO - Filling up the DagBag from /home/datatalks_jan/Data_Eden/3_airflow_demo/airflow/dags/dag_spark_multi_source_ETL_new.py
[2024-04-04T00:28:39.604+0000] {processor.py:840} INFO - DAG(s) 'conrad_coding' retrieved from /home/datatalks_jan/Data_Eden/3_airflow_demo/airflow/dags/dag_spark_multi_source_ETL_new.py
[2024-04-04T00:28:39.718+0000] {logging_mixin.py:188} INFO - [2024-04-04T00:28:39.717+0000] {dag.py:3047} INFO - Sync 1 DAGs
[2024-04-04T00:28:39.741+0000] {logging_mixin.py:188} INFO - [2024-04-04T00:28:39.740+0000] {dag.py:3834} INFO - Setting next_dagrun for conrad_coding to 2024-04-07 00:00:00+00:00, run_after=2024-04-14 00:00:00+00:00
[2024-04-04T00:28:39.776+0000] {processor.py:183} INFO - Processing /home/datatalks_jan/Data_Eden/3_airflow_demo/airflow/dags/dag_spark_multi_source_ETL_new.py took 0.417 seconds
[2024-04-04T00:29:29.893+0000] {processor.py:161} INFO - Started process (PID=105717) to work on /home/datatalks_jan/Data_Eden/3_airflow_demo/airflow/dags/dag_spark_multi_source_ETL_new.py
[2024-04-04T00:29:29.895+0000] {processor.py:830} INFO - Processing file /home/datatalks_jan/Data_Eden/3_airflow_demo/airflow/dags/dag_spark_multi_source_ETL_new.py for tasks to queue
[2024-04-04T00:29:29.897+0000] {logging_mixin.py:188} INFO - [2024-04-04T00:29:29.896+0000] {dagbag.py:540} INFO - Filling up the DagBag from /home/datatalks_jan/Data_Eden/3_airflow_demo/airflow/dags/dag_spark_multi_source_ETL_new.py
[2024-04-04T00:29:30.108+0000] {processor.py:840} INFO - DAG(s) 'conrad_coding' retrieved from /home/datatalks_jan/Data_Eden/3_airflow_demo/airflow/dags/dag_spark_multi_source_ETL_new.py
[2024-04-04T00:29:30.129+0000] {logging_mixin.py:188} INFO - [2024-04-04T00:29:30.128+0000] {dag.py:3047} INFO - Sync 1 DAGs
[2024-04-04T00:29:30.150+0000] {logging_mixin.py:188} INFO - [2024-04-04T00:29:30.150+0000] {dag.py:3834} INFO - Setting next_dagrun for conrad_coding to 2024-04-07 00:00:00+00:00, run_after=2024-04-14 00:00:00+00:00
[2024-04-04T00:29:30.173+0000] {processor.py:183} INFO - Processing /home/datatalks_jan/Data_Eden/3_airflow_demo/airflow/dags/dag_spark_multi_source_ETL_new.py took 0.286 seconds
[2024-04-04T00:30:13.422+0000] {processor.py:161} INFO - Started process (PID=105822) to work on /home/datatalks_jan/Data_Eden/3_airflow_demo/airflow/dags/dag_spark_multi_source_ETL_new.py
[2024-04-04T00:30:13.425+0000] {processor.py:830} INFO - Processing file /home/datatalks_jan/Data_Eden/3_airflow_demo/airflow/dags/dag_spark_multi_source_ETL_new.py for tasks to queue
[2024-04-04T00:30:13.427+0000] {logging_mixin.py:188} INFO - [2024-04-04T00:30:13.426+0000] {dagbag.py:540} INFO - Filling up the DagBag from /home/datatalks_jan/Data_Eden/3_airflow_demo/airflow/dags/dag_spark_multi_source_ETL_new.py
[2024-04-04T00:30:13.656+0000] {processor.py:840} INFO - DAG(s) 'conrad_coding' retrieved from /home/datatalks_jan/Data_Eden/3_airflow_demo/airflow/dags/dag_spark_multi_source_ETL_new.py
[2024-04-04T00:30:13.683+0000] {logging_mixin.py:188} INFO - [2024-04-04T00:30:13.680+0000] {dag.py:3047} INFO - Sync 1 DAGs
[2024-04-04T00:30:13.710+0000] {logging_mixin.py:188} INFO - [2024-04-04T00:30:13.710+0000] {dag.py:3834} INFO - Setting next_dagrun for conrad_coding to 2024-04-07 00:00:00+00:00, run_after=2024-04-14 00:00:00+00:00
[2024-04-04T00:30:13.741+0000] {processor.py:183} INFO - Processing /home/datatalks_jan/Data_Eden/3_airflow_demo/airflow/dags/dag_spark_multi_source_ETL_new.py took 0.324 seconds
[2024-04-04T00:30:53.670+0000] {processor.py:161} INFO - Started process (PID=105920) to work on /home/datatalks_jan/Data_Eden/3_airflow_demo/airflow/dags/dag_spark_multi_source_ETL_new.py
[2024-04-04T00:30:53.673+0000] {processor.py:830} INFO - Processing file /home/datatalks_jan/Data_Eden/3_airflow_demo/airflow/dags/dag_spark_multi_source_ETL_new.py for tasks to queue
[2024-04-04T00:30:53.675+0000] {logging_mixin.py:188} INFO - [2024-04-04T00:30:53.674+0000] {dagbag.py:540} INFO - Filling up the DagBag from /home/datatalks_jan/Data_Eden/3_airflow_demo/airflow/dags/dag_spark_multi_source_ETL_new.py
[2024-04-04T00:30:53.902+0000] {processor.py:840} INFO - DAG(s) 'conrad_coding' retrieved from /home/datatalks_jan/Data_Eden/3_airflow_demo/airflow/dags/dag_spark_multi_source_ETL_new.py
[2024-04-04T00:30:53.924+0000] {logging_mixin.py:188} INFO - [2024-04-04T00:30:53.924+0000] {dag.py:3047} INFO - Sync 1 DAGs
[2024-04-04T00:30:53.950+0000] {logging_mixin.py:188} INFO - [2024-04-04T00:30:53.950+0000] {dag.py:3834} INFO - Setting next_dagrun for conrad_coding to 2024-04-07 00:00:00+00:00, run_after=2024-04-14 00:00:00+00:00
[2024-04-04T00:30:53.980+0000] {processor.py:183} INFO - Processing /home/datatalks_jan/Data_Eden/3_airflow_demo/airflow/dags/dag_spark_multi_source_ETL_new.py took 0.316 seconds
